Drill report for weather_baloon.kicad_pcb
Created on 2025-03-07T20:46:53-0700

Copper Layer Stackup:
    =============================================================
    L1 :  F.Cu                      front
    L1 :  B.Cu                      back


Drill file 'weather_baloon-PTH.drl' contains
    plated through holes:
    =============================================================
    T1  0.300mm  0.0118"  (12 holes)
    T2  0.720mm  0.0283"  (8 holes)
    T3  0.800mm  0.0315"  (14 holes)
    T4  0.900mm  0.0354"  (11 holes)
    T5  0.950mm  0.0374"  (3 holes)
    T6  1.000mm  0.0394"  (49 holes)

    Total plated holes count 97


Drill file 'weather_baloon-NPTH.drl' contains
    unplated through holes:
    =============================================================

    Total unplated holes count 0
